<?xml version="1.0" encoding="UTF-8"?>
<!-- Generated by org.testng.reporters.JUnitXMLReporter -->
<testsuite hostname="DESKTOP-R578PU2" ignored="0" name="TestOC" tests="14" failures="3" timestamp="10 May 2021 18:15:45 GMT" time="117.844" errors="0">
  <testcase name="ConfirmPWLableTest" time="20.168" classname="OpenCartTestcases.VerifyLablesDisplaye">
    <failure type="org.openqa.selenium.NoSuchElementException" message="no such element: Unable to locate element: {&amp;quot;method&amp;quot;:&amp;quot;css selector&amp;quot;,&amp;quot;selector&amp;quot;:&amp;quot;*[name=&amp;apos;password confirm&amp;apos;]&amp;quot;}
  (Session info: chrome=90.0.4430.93)
For documentation on this error, please visit: https://www.seleniumhq.org/exceptions/no_such_element.html
Build info: version: &amp;apos;3.141.59&amp;apos;, revision: &amp;apos;e82be7d358&amp;apos;, time: &amp;apos;2018-11-14T08:17:03&amp;apos;
System info: host: &amp;apos;DESKTOP-R578PU2&amp;apos;, ip: &amp;apos;192.168.2.38&amp;apos;, os.name: &amp;apos;Windows 10&amp;apos;, os.arch: &amp;apos;amd64&amp;apos;, os.version: &amp;apos;10.0&amp;apos;, java.version: &amp;apos;1.8.0_161&amp;apos;
Driver info: org.openqa.selenium.chrome.ChromeDriver
Capabilities {acceptInsecureCerts: false, browserName: chrome, browserVersion: 90.0.4430.93, chrome: {chromedriverVersion: 90.0.4430.24 (4c6d850f087da..., userDataDir: C:\Users\desai\AppData\Loca...}, goog:chromeOptions: {debuggerAddress: localhost:58347}, javascriptEnabled: true, networkConnectionEnabled: false, pageLoadStrategy: normal, platform: WINDOWS, platformName: WINDOWS, proxy: Proxy(), setWindowRect: true, strictFileInteractability: false, timeouts: {implicit: 0, pageLoad: 300000, script: 30000}, unhandledPromptBehavior: dismiss and notify, webauthn:extension:largeBlob: true, webauthn:virtualAuthenticators: true}
Session ID: b1ef0ca2e9c20d3cb925a1d717031889
*** Element info: {Using=name, value=password confirm}">
      <![CDATA[org.openqa.selenium.NoSuchElementException: no such element: Unable to locate element: {"method":"css selector","selector":"*[name='password confirm']"}
  (Session info: chrome=90.0.4430.93)
For documentation on this error, please visit: https://www.seleniumhq.org/exceptions/no_such_element.html
Build info: version: '3.141.59', revision: 'e82be7d358', time: '2018-11-14T08:17:03'
System info: host: 'DESKTOP-R578PU2', ip: '192.168.2.38', os.name: 'Windows 10', os.arch: 'amd64', os.version: '10.0', java.version: '1.8.0_161'
Driver info: org.openqa.selenium.chrome.ChromeDriver
Capabilities {acceptInsecureCerts: false, browserName: chrome, browserVersion: 90.0.4430.93, chrome: {chromedriverVersion: 90.0.4430.24 (4c6d850f087da..., userDataDir: C:\Users\desai\AppData\Loca...}, goog:chromeOptions: {debuggerAddress: localhost:58347}, javascriptEnabled: true, networkConnectionEnabled: false, pageLoadStrategy: normal, platform: WINDOWS, platformName: WINDOWS, proxy: Proxy(), setWindowRect: true, strictFileInteractability: false, timeouts: {implicit: 0, pageLoad: 300000, script: 30000}, unhandledPromptBehavior: dismiss and notify, webauthn:extension:largeBlob: true, webauthn:virtualAuthenticators: true}
Session ID: b1ef0ca2e9c20d3cb925a1d717031889
*** Element info: {Using=name, value=password confirm}
	at org.openqa.selenium.remote.http.W3CHttpResponseCodec.createException(W3CHttpResponseCodec.java:187)
	at org.openqa.selenium.remote.http.W3CHttpResponseCodec.decode(W3CHttpResponseCodec.java:122)
	at org.openqa.selenium.remote.http.W3CHttpResponseCodec.decode(W3CHttpResponseCodec.java:49)
	at org.openqa.selenium.remote.HttpCommandExecutor.execute(HttpCommandExecutor.java:158)
	at org.openqa.selenium.remote.service.DriverCommandExecutor.execute(DriverCommandExecutor.java:83)
	at org.openqa.selenium.remote.RemoteWebDriver.execute(RemoteWebDriver.java:552)
	at org.openqa.selenium.remote.RemoteWebDriver.findElement(RemoteWebDriver.java:323)
	at org.openqa.selenium.remote.RemoteWebDriver.findElementByName(RemoteWebDriver.java:404)
	at org.openqa.selenium.By$ByName.findElement(By.java:284)
	at org.openqa.selenium.remote.RemoteWebDriver.findElement(RemoteWebDriver.java:315)
	at org.openqa.selenium.support.pagefactory.DefaultElementLocator.findElement(DefaultElementLocator.java:69)
	at org.openqa.selenium.support.pagefactory.internal.LocatingElementHandler.invoke(LocatingElementHandler.java:38)
	at com.sun.proxy.$Proxy9.isDisplayed(Unknown Source)
	at OpenCartPages.PasswordSecRegiPage.verifyConfirmPWLabeldisplayed(PasswordSecRegiPage.java:41)
	at OpenCartTestcases.VerifyLablesDisplaye.ConfirmPWLableTest(VerifyLablesDisplaye.java:76)
... Removed 29 stack frames]]>
    </failure>
  </testcase> <!-- ConfirmPWLableTest -->
  <testcase name="EmailLableTest" time="1.034" classname="OpenCartTestcases.VerifyLablesDisplaye">
    <failure type="org.openqa.selenium.NoSuchElementException" message="Cannot locate an element using name=email
For documentation on this error, please visit: https://www.seleniumhq.org/exceptions/no_such_element.html
Build info: version: &amp;apos;3.141.59&amp;apos;, revision: &amp;apos;e82be7d358&amp;apos;, time: &amp;apos;2018-11-14T08:17:03&amp;apos;
System info: host: &amp;apos;DESKTOP-R578PU2&amp;apos;, ip: &amp;apos;192.168.2.38&amp;apos;, os.name: &amp;apos;Windows 10&amp;apos;, os.arch: &amp;apos;amd64&amp;apos;, os.version: &amp;apos;10.0&amp;apos;, java.version: &amp;apos;1.8.0_161&amp;apos;
Driver info: driver.version: RemoteWebDriver">
      <![CDATA[org.openqa.selenium.NoSuchElementException: Cannot locate an element using name=email
For documentation on this error, please visit: https://www.seleniumhq.org/exceptions/no_such_element.html
Build info: version: '3.141.59', revision: 'e82be7d358', time: '2018-11-14T08:17:03'
System info: host: 'DESKTOP-R578PU2', ip: '192.168.2.38', os.name: 'Windows 10', os.arch: 'amd64', os.version: '10.0', java.version: '1.8.0_161'
Driver info: driver.version: RemoteWebDriver
	at org.openqa.selenium.remote.RemoteWebDriver.findElement(RemoteWebDriver.java:327)
	at org.openqa.selenium.remote.RemoteWebDriver.findElementByName(RemoteWebDriver.java:404)
	at org.openqa.selenium.By$ByName.findElement(By.java:284)
	at org.openqa.selenium.remote.RemoteWebDriver.findElement(RemoteWebDriver.java:315)
	at org.openqa.selenium.support.pagefactory.DefaultElementLocator.findElement(DefaultElementLocator.java:69)
	at org.openqa.selenium.support.pagefactory.internal.LocatingElementHandler.invoke(LocatingElementHandler.java:38)
	at com.sun.proxy.$Proxy9.isDisplayed(Unknown Source)
	at OpenCartPages.PersonalDataSecRegiPage.verifyemailLabeldisplay(PersonalDataSecRegiPage.java:66)
	at OpenCartTestcases.VerifyLablesDisplaye.EmailLableTest(VerifyLablesDisplaye.java:58)
... Removed 25 stack frames]]>
    </failure>
  </testcase> <!-- EmailLableTest -->
  <testcase name="FirstnamelabelTest" time="0.201" classname="OpenCartTestcases.VerifyLablesDisplaye"/>
  <testcase name="LastnameLableTest" time="0.241" classname="OpenCartTestcases.VerifyLablesDisplaye"/>
  <testcase name="PasswordLableTest" time="0.284" classname="OpenCartTestcases.VerifyLablesDisplaye"/>
  <testcase name="TelephoneLableTest" time="0.209" classname="OpenCartTestcases.VerifyLablesDisplaye"/>
  <testcase name="verifyRadioButtons" time="0.77" classname="OpenCartTestcases.VerifyRadioButtonRegiTest"/>
  <testcase name="RegiPageNLHeadingTest" time="0.102" classname="OpenCartTestcases.VerifySectionHeadingsTest"/>
  <testcase name="RegiPagePDHeadingTest" time="0.125" classname="OpenCartTestcases.VerifySectionHeadingsTest"/>
  <testcase name="RegiPagePWHeadingTest" time="0.166" classname="OpenCartTestcases.VerifySectionHeadingsTest"/>
  <testcase name="RegiPagelabelTest" time="0.02" classname="OpenCartTestcases.VerifySectionHeadingsTest"/>
  <testcase name="SuccessRegiPagelabelTest" time="0.016" classname="OpenCartTestcases.VerifySuccessfullRegiTest"/>
  <testcase name="verifyTextbox" time="1.002" classname="OpenCartTestcases.VeryfiyTexBoxes"/>
  <testcase name="EnterDataTest" time="0.002" classname="OpenCartTestcases.VerifySuccessfullRegiTest">
    <failure type="java.lang.NullPointerException">
      <![CDATA[java.lang.NullPointerException
	at OpenCartPages.DataInsertAndSubmitRegiPage.EnterDataAndSubmit(DataInsertAndSubmitRegiPage.java:52)
	at OpenCartTestcases.VerifySuccessfullRegiTest.EnterDataTest(VerifySuccessfullRegiTest.java:63)
... Removed 25 stack frames]]>
    </failure>
  </testcase> <!-- EnterDataTest -->
</testsuite> <!-- TestOC -->
