<html>
<head>
<title>TestNG:  TestOC</title>
<link href="../testng.css" rel="stylesheet" type="text/css" />
<link href="../my-testng.css" rel="stylesheet" type="text/css" />

<style type="text/css">
.log { display: none;} 
.stack-trace { display: none;} 
</style>
<script type="text/javascript">
<!--
function flip(e) {
  current = e.style.display;
  if (current == 'block') {
    e.style.display = 'none';
    return 0;
  }
  else {
    e.style.display = 'block';
    return 1;
  }
}

function toggleBox(szDivId, elem, msg1, msg2)
{
  var res = -1;  if (document.getElementById) {
    res = flip(document.getElementById(szDivId));
  }
  else if (document.all) {
    // this is the way old msie versions work
    res = flip(document.all[szDivId]);
  }
  if(elem) {
    if(res == 0) elem.innerHTML = msg1; else elem.innerHTML = msg2;
  }

}

function toggleAllBoxes() {
  if (document.getElementsByTagName) {
    d = document.getElementsByTagName('div');
    for (i = 0; i < d.length; i++) {
      if (d[i].className == 'log') {
        flip(d[i]);
      }
    }
  }
}

// -->
</script>

</head>
<body>
<h2 align='center'>TestOC</h2><table border='1' align="center">
<tr>
<td>Tests passed/Failed/Skipped:</td><td>11/3/0</td>
</tr><tr>
<td>Started on:</td><td>Mon May 10 14:13:47 EDT 2021</td>
</tr>
<tr><td>Total time:</td><td>117 seconds (117844 ms)</td>
</tr><tr>
<td>Included groups:</td><td></td>
</tr><tr>
<td>Excluded groups:</td><td></td>
</tr>
</table><p/>
<small><i>(Hover the method name to see the test class name)</i></small><p/>
<table width='100%' border='1' class='invocation-failed'>
<tr><td colspan='4' align='center'><b>FAILED TESTS</b></td></tr>
<tr><td><b>Test method</b></td>
<td width="30%"><b>Exception</b></td>
<td width="10%"><b>Time (seconds)</b></td>
<td><b>Instance</b></td>
</tr>
<tr>
<td title='OpenCartTestcases.VerifyLablesDisplaye.ConfirmPWLableTest()'><b>ConfirmPWLableTest</b><br>Test class: OpenCartTestcases.VerifyLablesDisplaye</td>
<td><div><pre>org.openqa.selenium.NoSuchElementException: no such element: Unable to locate element: {&quot;method&quot;:&quot;css selector&quot;,&quot;selector&quot;:&quot;*[name=&apos;password confirm&apos;]&quot;}
  (Session info: chrome=90.0.4430.93)
For documentation on this error, please visit: https://www.seleniumhq.org/exceptions/no_such_element.html
Build info: version: &apos;3.141.59&apos;, revision: &apos;e82be7d358&apos;, time: &apos;2018-11-14T08:17:03&apos;
System info: host: &apos;DESKTOP-R578PU2&apos;, ip: &apos;192.168.2.38&apos;, os.name: &apos;Windows 10&apos;, os.arch: &apos;amd64&apos;, os.version: &apos;10.0&apos;, java.version: &apos;1.8.0_161&apos;
Driver info: org.openqa.selenium.chrome.ChromeDriver
Capabilities {acceptInsecureCerts: false, browserName: chrome, browserVersion: 90.0.4430.93, chrome: {chromedriverVersion: 90.0.4430.24 (4c6d850f087da..., userDataDir: C:\Users\desai\AppData\Loca...}, goog:chromeOptions: {debuggerAddress: localhost:58347}, javascriptEnabled: true, networkConnectionEnabled: false, pageLoadStrategy: normal, platform: WINDOWS, platformName: WINDOWS, proxy: Proxy(), setWindowRect: true, strictFileInteractability: false, timeouts: {implicit: 0, pageLoad: 300000, script: 30000}, unhandledPromptBehavior: dismiss and notify, webauthn:extension:largeBlob: true, webauthn:virtualAuthenticators: true}
Session ID: b1ef0ca2e9c20d3cb925a1d717031889
*** Element info: {Using=name, value=password confirm}
	at org.openqa.selenium.remote.http.W3CHttpResponseCodec.createException(W3CHttpResponseCodec.java:187)
	at org.openqa.selenium.remote.http.W3CHttpResponseCodec.decode(W3CHttpResponseCodec.java:122)
	at org.openqa.selenium.remote.http.W3CHttpResponseCodec.decode(W3CHttpResponseCodec.java:49)
	at org.openqa.selenium.remote.HttpCommandExecutor.execute(HttpCommandExecutor.java:158)
	at org.openqa.selenium.remote.service.DriverCommandExecutor.execute(DriverCommandExecutor.java:83)
	at org.openqa.selenium.remote.RemoteWebDriver.execute(RemoteWebDriver.java:552)
	at org.openqa.selenium.remote.RemoteWebDriver.findElement(RemoteWebDriver.java:323)
	at org.openqa.selenium.remote.RemoteWebDriver.findElementByName(RemoteWebDriver.java:404)
	at org.openqa.selenium.By$ByName.findElement(By.java:284)
	at org.openqa.selenium.remote.RemoteWebDriver.findElement(RemoteWebDriver.java:315)
	at org.openqa.selenium.support.pagefactory.DefaultElementLocator.findElement(DefaultElementLocator.java:69)
	at org.openqa.selenium.support.pagefactory.internal.LocatingElementHandler.invoke(LocatingElementHandler.java:38)
	at com.sun.proxy.$Proxy9.isDisplayed(Unknown Source)
	at OpenCartPages.PasswordSecRegiPage.verifyConfirmPWLabeldisplayed(PasswordSecRegiPage.java:41)
	at OpenCartTestcases.VerifyLablesDisplaye.ConfirmPWLableTest(VerifyLablesDisplaye.java:76)
... Removed 29 stack frames</pre></div><a href='#' onClick='toggleBox("stack-trace343812839", this, "Click to show all stack frames", "Click to hide stack frames")'>Click to show all stack frames</a>
<div class='stack-trace' id='stack-trace343812839'><pre>org.openqa.selenium.NoSuchElementException: no such element: Unable to locate element: {&quot;method&quot;:&quot;css selector&quot;,&quot;selector&quot;:&quot;*[name=&apos;password confirm&apos;]&quot;}
  (Session info: chrome=90.0.4430.93)
For documentation on this error, please visit: https://www.seleniumhq.org/exceptions/no_such_element.html
Build info: version: &apos;3.141.59&apos;, revision: &apos;e82be7d358&apos;, time: &apos;2018-11-14T08:17:03&apos;
System info: host: &apos;DESKTOP-R578PU2&apos;, ip: &apos;192.168.2.38&apos;, os.name: &apos;Windows 10&apos;, os.arch: &apos;amd64&apos;, os.version: &apos;10.0&apos;, java.version: &apos;1.8.0_161&apos;
Driver info: org.openqa.selenium.chrome.ChromeDriver
Capabilities {acceptInsecureCerts: false, browserName: chrome, browserVersion: 90.0.4430.93, chrome: {chromedriverVersion: 90.0.4430.24 (4c6d850f087da..., userDataDir: C:\Users\desai\AppData\Loca...}, goog:chromeOptions: {debuggerAddress: localhost:58347}, javascriptEnabled: true, networkConnectionEnabled: false, pageLoadStrategy: normal, platform: WINDOWS, platformName: WINDOWS, proxy: Proxy(), setWindowRect: true, strictFileInteractability: false, timeouts: {implicit: 0, pageLoad: 300000, script: 30000}, unhandledPromptBehavior: dismiss and notify, webauthn:extension:largeBlob: true, webauthn:virtualAuthenticators: true}
Session ID: b1ef0ca2e9c20d3cb925a1d717031889
*** Element info: {Using=name, value=password confirm}
	at sun.reflect.NativeConstructorAccessorImpl.newInstance0(Native Method)
	at sun.reflect.NativeConstructorAccessorImpl.newInstance(NativeConstructorAccessorImpl.java:62)
	at sun.reflect.DelegatingConstructorAccessorImpl.newInstance(DelegatingConstructorAccessorImpl.java:45)
	at java.lang.reflect.Constructor.newInstance(Constructor.java:423)
	at org.openqa.selenium.remote.http.W3CHttpResponseCodec.createException(W3CHttpResponseCodec.java:187)
	at org.openqa.selenium.remote.http.W3CHttpResponseCodec.decode(W3CHttpResponseCodec.java:122)
	at org.openqa.selenium.remote.http.W3CHttpResponseCodec.decode(W3CHttpResponseCodec.java:49)
	at org.openqa.selenium.remote.HttpCommandExecutor.execute(HttpCommandExecutor.java:158)
	at org.openqa.selenium.remote.service.DriverCommandExecutor.execute(DriverCommandExecutor.java:83)
	at org.openqa.selenium.remote.RemoteWebDriver.execute(RemoteWebDriver.java:552)
	at org.openqa.selenium.remote.RemoteWebDriver.findElement(RemoteWebDriver.java:323)
	at org.openqa.selenium.remote.RemoteWebDriver.findElementByName(RemoteWebDriver.java:404)
	at org.openqa.selenium.By$ByName.findElement(By.java:284)
	at org.openqa.selenium.remote.RemoteWebDriver.findElement(RemoteWebDriver.java:315)
	at org.openqa.selenium.support.pagefactory.DefaultElementLocator.findElement(DefaultElementLocator.java:69)
	at org.openqa.selenium.support.pagefactory.internal.LocatingElementHandler.invoke(LocatingElementHandler.java:38)
	at com.sun.proxy.$Proxy9.isDisplayed(Unknown Source)
	at OpenCartPages.PasswordSecRegiPage.verifyConfirmPWLabeldisplayed(PasswordSecRegiPage.java:41)
	at OpenCartTestcases.VerifyLablesDisplaye.ConfirmPWLableTest(VerifyLablesDisplaye.java:76)
	at sun.reflect.NativeMethodAccessorImpl.invoke0(Native Method)
	at sun.reflect.NativeMethodAccessorImpl.invoke(NativeMethodAccessorImpl.java:62)
	at sun.reflect.DelegatingMethodAccessorImpl.invoke(DelegatingMethodAccessorImpl.java:43)
	at java.lang.reflect.Method.invoke(Method.java:498)
	at org.testng.internal.MethodInvocationHelper.invokeMethod(MethodInvocationHelper.java:108)
	at org.testng.internal.Invoker.invokeMethod(Invoker.java:661)
	at org.testng.internal.Invoker.invokeTestMethod(Invoker.java:869)
	at org.testng.internal.Invoker.invokeTestMethods(Invoker.java:1193)
	at org.testng.internal.TestMethodWorker.invokeTestMethods(TestMethodWorker.java:126)
	at org.testng.internal.TestMethodWorker.run(TestMethodWorker.java:109)
	at org.testng.TestRunner.privateRun(TestRunner.java:744)
	at org.testng.TestRunner.run(TestRunner.java:602)
	at org.testng.SuiteRunner.runTest(SuiteRunner.java:380)
	at org.testng.SuiteRunner.runSequentially(SuiteRunner.java:375)
	at org.testng.SuiteRunner.privateRun(SuiteRunner.java:340)
	at org.testng.SuiteRunner.run(SuiteRunner.java:289)
	at org.testng.SuiteRunnerWorker.runSuite(SuiteRunnerWorker.java:52)
	at org.testng.SuiteRunnerWorker.run(SuiteRunnerWorker.java:86)
	at org.testng.TestNG.runSuitesSequentially(TestNG.java:1301)
	at org.testng.TestNG.runSuitesLocally(TestNG.java:1226)
	at org.testng.TestNG.runSuites(TestNG.java:1144)
	at org.testng.TestNG.run(TestNG.java:1115)
	at org.testng.remote.AbstractRemoteTestNG.run(AbstractRemoteTestNG.java:132)
	at org.testng.remote.RemoteTestNG.initAndRun(RemoteTestNG.java:230)
	at org.testng.remote.RemoteTestNG.main(RemoteTestNG.java:76)
</pre></div></td>
<td>20</td>
<td>OpenCartTestcases.VerifyLablesDisplaye@66a3ffec</td></tr>
<tr>
<td title='OpenCartTestcases.VerifyLablesDisplaye.EmailLableTest()'><b>EmailLableTest</b><br>Test class: OpenCartTestcases.VerifyLablesDisplaye</td>
<td><div><pre>org.openqa.selenium.NoSuchElementException: Cannot locate an element using name=email
For documentation on this error, please visit: https://www.seleniumhq.org/exceptions/no_such_element.html
Build info: version: &apos;3.141.59&apos;, revision: &apos;e82be7d358&apos;, time: &apos;2018-11-14T08:17:03&apos;
System info: host: &apos;DESKTOP-R578PU2&apos;, ip: &apos;192.168.2.38&apos;, os.name: &apos;Windows 10&apos;, os.arch: &apos;amd64&apos;, os.version: &apos;10.0&apos;, java.version: &apos;1.8.0_161&apos;
Driver info: driver.version: RemoteWebDriver
	at org.openqa.selenium.remote.RemoteWebDriver.findElement(RemoteWebDriver.java:327)
	at org.openqa.selenium.remote.RemoteWebDriver.findElementByName(RemoteWebDriver.java:404)
	at org.openqa.selenium.By$ByName.findElement(By.java:284)
	at org.openqa.selenium.remote.RemoteWebDriver.findElement(RemoteWebDriver.java:315)
	at org.openqa.selenium.support.pagefactory.DefaultElementLocator.findElement(DefaultElementLocator.java:69)
	at org.openqa.selenium.support.pagefactory.internal.LocatingElementHandler.invoke(LocatingElementHandler.java:38)
	at com.sun.proxy.$Proxy9.isDisplayed(Unknown Source)
	at OpenCartPages.PersonalDataSecRegiPage.verifyemailLabeldisplay(PersonalDataSecRegiPage.java:66)
	at OpenCartTestcases.VerifyLablesDisplaye.EmailLableTest(VerifyLablesDisplaye.java:58)
... Removed 25 stack frames</pre></div><a href='#' onClick='toggleBox("stack-trace1309129055", this, "Click to show all stack frames", "Click to hide stack frames")'>Click to show all stack frames</a>
<div class='stack-trace' id='stack-trace1309129055'><pre>org.openqa.selenium.NoSuchElementException: Cannot locate an element using name=email
For documentation on this error, please visit: https://www.seleniumhq.org/exceptions/no_such_element.html
Build info: version: &apos;3.141.59&apos;, revision: &apos;e82be7d358&apos;, time: &apos;2018-11-14T08:17:03&apos;
System info: host: &apos;DESKTOP-R578PU2&apos;, ip: &apos;192.168.2.38&apos;, os.name: &apos;Windows 10&apos;, os.arch: &apos;amd64&apos;, os.version: &apos;10.0&apos;, java.version: &apos;1.8.0_161&apos;
Driver info: driver.version: RemoteWebDriver
	at org.openqa.selenium.remote.RemoteWebDriver.findElement(RemoteWebDriver.java:327)
	at org.openqa.selenium.remote.RemoteWebDriver.findElementByName(RemoteWebDriver.java:404)
	at org.openqa.selenium.By$ByName.findElement(By.java:284)
	at org.openqa.selenium.remote.RemoteWebDriver.findElement(RemoteWebDriver.java:315)
	at org.openqa.selenium.support.pagefactory.DefaultElementLocator.findElement(DefaultElementLocator.java:69)
	at org.openqa.selenium.support.pagefactory.internal.LocatingElementHandler.invoke(LocatingElementHandler.java:38)
	at com.sun.proxy.$Proxy9.isDisplayed(Unknown Source)
	at OpenCartPages.PersonalDataSecRegiPage.verifyemailLabeldisplay(PersonalDataSecRegiPage.java:66)
	at OpenCartTestcases.VerifyLablesDisplaye.EmailLableTest(VerifyLablesDisplaye.java:58)
	at sun.reflect.NativeMethodAccessorImpl.invoke0(Native Method)
	at sun.reflect.NativeMethodAccessorImpl.invoke(NativeMethodAccessorImpl.java:62)
	at sun.reflect.DelegatingMethodAccessorImpl.invoke(DelegatingMethodAccessorImpl.java:43)
	at java.lang.reflect.Method.invoke(Method.java:498)
	at org.testng.internal.MethodInvocationHelper.invokeMethod(MethodInvocationHelper.java:108)
	at org.testng.internal.Invoker.invokeMethod(Invoker.java:661)
	at org.testng.internal.Invoker.invokeTestMethod(Invoker.java:869)
	at org.testng.internal.Invoker.invokeTestMethods(Invoker.java:1193)
	at org.testng.internal.TestMethodWorker.invokeTestMethods(TestMethodWorker.java:126)
	at org.testng.internal.TestMethodWorker.run(TestMethodWorker.java:109)
	at org.testng.TestRunner.privateRun(TestRunner.java:744)
	at org.testng.TestRunner.run(TestRunner.java:602)
	at org.testng.SuiteRunner.runTest(SuiteRunner.java:380)
	at org.testng.SuiteRunner.runSequentially(SuiteRunner.java:375)
	at org.testng.SuiteRunner.privateRun(SuiteRunner.java:340)
	at org.testng.SuiteRunner.run(SuiteRunner.java:289)
	at org.testng.SuiteRunnerWorker.runSuite(SuiteRunnerWorker.java:52)
	at org.testng.SuiteRunnerWorker.run(SuiteRunnerWorker.java:86)
	at org.testng.TestNG.runSuitesSequentially(TestNG.java:1301)
	at org.testng.TestNG.runSuitesLocally(TestNG.java:1226)
	at org.testng.TestNG.runSuites(TestNG.java:1144)
	at org.testng.TestNG.run(TestNG.java:1115)
	at org.testng.remote.AbstractRemoteTestNG.run(AbstractRemoteTestNG.java:132)
	at org.testng.remote.RemoteTestNG.initAndRun(RemoteTestNG.java:230)
	at org.testng.remote.RemoteTestNG.main(RemoteTestNG.java:76)
</pre></div></td>
<td>1</td>
<td>OpenCartTestcases.VerifyLablesDisplaye@66a3ffec</td></tr>
<tr>
<td title='OpenCartTestcases.VerifySuccessfullRegiTest.EnterDataTest()'><b>EnterDataTest</b><br>Test class: OpenCartTestcases.VerifySuccessfullRegiTest</td>
<td><div><pre>java.lang.NullPointerException
	at OpenCartPages.DataInsertAndSubmitRegiPage.EnterDataAndSubmit(DataInsertAndSubmitRegiPage.java:52)
	at OpenCartTestcases.VerifySuccessfullRegiTest.EnterDataTest(VerifySuccessfullRegiTest.java:63)
... Removed 25 stack frames</pre></div><a href='#' onClick='toggleBox("stack-trace2128195220", this, "Click to show all stack frames", "Click to hide stack frames")'>Click to show all stack frames</a>
<div class='stack-trace' id='stack-trace2128195220'><pre>java.lang.NullPointerException
	at OpenCartPages.DataInsertAndSubmitRegiPage.EnterDataAndSubmit(DataInsertAndSubmitRegiPage.java:52)
	at OpenCartTestcases.VerifySuccessfullRegiTest.EnterDataTest(VerifySuccessfullRegiTest.java:63)
	at sun.reflect.NativeMethodAccessorImpl.invoke0(Native Method)
	at sun.reflect.NativeMethodAccessorImpl.invoke(NativeMethodAccessorImpl.java:62)
	at sun.reflect.DelegatingMethodAccessorImpl.invoke(DelegatingMethodAccessorImpl.java:43)
	at java.lang.reflect.Method.invoke(Method.java:498)
	at org.testng.internal.MethodInvocationHelper.invokeMethod(MethodInvocationHelper.java:108)
	at org.testng.internal.Invoker.invokeMethod(Invoker.java:661)
	at org.testng.internal.Invoker.invokeTestMethod(Invoker.java:869)
	at org.testng.internal.Invoker.invokeTestMethods(Invoker.java:1193)
	at org.testng.internal.TestMethodWorker.invokeTestMethods(TestMethodWorker.java:126)
	at org.testng.internal.TestMethodWorker.run(TestMethodWorker.java:109)
	at org.testng.TestRunner.privateRun(TestRunner.java:744)
	at org.testng.TestRunner.run(TestRunner.java:602)
	at org.testng.SuiteRunner.runTest(SuiteRunner.java:380)
	at org.testng.SuiteRunner.runSequentially(SuiteRunner.java:375)
	at org.testng.SuiteRunner.privateRun(SuiteRunner.java:340)
	at org.testng.SuiteRunner.run(SuiteRunner.java:289)
	at org.testng.SuiteRunnerWorker.runSuite(SuiteRunnerWorker.java:52)
	at org.testng.SuiteRunnerWorker.run(SuiteRunnerWorker.java:86)
	at org.testng.TestNG.runSuitesSequentially(TestNG.java:1301)
	at org.testng.TestNG.runSuitesLocally(TestNG.java:1226)
	at org.testng.TestNG.runSuites(TestNG.java:1144)
	at org.testng.TestNG.run(TestNG.java:1115)
	at org.testng.remote.AbstractRemoteTestNG.run(AbstractRemoteTestNG.java:132)
	at org.testng.remote.RemoteTestNG.initAndRun(RemoteTestNG.java:230)
	at org.testng.remote.RemoteTestNG.main(RemoteTestNG.java:76)
</pre></div></td>
<td>0</td>
<td>OpenCartTestcases.VerifySuccessfullRegiTest@42d80b78</td></tr>
</table><p>
<table width='100%' border='1' class='invocation-passed'>
<tr><td colspan='4' align='center'><b>PASSED TESTS</b></td></tr>
<tr><td><b>Test method</b></td>
<td width="30%"><b>Exception</b></td>
<td width="10%"><b>Time (seconds)</b></td>
<td><b>Instance</b></td>
</tr>
<tr>
<td title='OpenCartTestcases.VerifyLablesDisplaye.FirstnamelabelTest()'><b>FirstnamelabelTest</b><br>Test class: OpenCartTestcases.VerifyLablesDisplaye</td>
<td></td>
<td>0</td>
<td>OpenCartTestcases.VerifyLablesDisplaye@66a3ffec</td></tr>
<tr>
<td title='OpenCartTestcases.VerifyLablesDisplaye.LastnameLableTest()'><b>LastnameLableTest</b><br>Test class: OpenCartTestcases.VerifyLablesDisplaye</td>
<td></td>
<td>0</td>
<td>OpenCartTestcases.VerifyLablesDisplaye@66a3ffec</td></tr>
<tr>
<td title='OpenCartTestcases.VerifyLablesDisplaye.PasswordLableTest()'><b>PasswordLableTest</b><br>Test class: OpenCartTestcases.VerifyLablesDisplaye</td>
<td></td>
<td>0</td>
<td>OpenCartTestcases.VerifyLablesDisplaye@66a3ffec</td></tr>
<tr>
<td title='OpenCartTestcases.VerifySectionHeadingsTest.RegiPageNLHeadingTest()'><b>RegiPageNLHeadingTest</b><br>Test class: OpenCartTestcases.VerifySectionHeadingsTest</td>
<td></td>
<td>0</td>
<td>OpenCartTestcases.VerifySectionHeadingsTest@1e88b3c</td></tr>
<tr>
<td title='OpenCartTestcases.VerifySectionHeadingsTest.RegiPagePDHeadingTest()'><b>RegiPagePDHeadingTest</b><br>Test class: OpenCartTestcases.VerifySectionHeadingsTest</td>
<td></td>
<td>0</td>
<td>OpenCartTestcases.VerifySectionHeadingsTest@1e88b3c</td></tr>
<tr>
<td title='OpenCartTestcases.VerifySectionHeadingsTest.RegiPagePWHeadingTest()'><b>RegiPagePWHeadingTest</b><br>Test class: OpenCartTestcases.VerifySectionHeadingsTest</td>
<td></td>
<td>0</td>
<td>OpenCartTestcases.VerifySectionHeadingsTest@1e88b3c</td></tr>
<tr>
<td title='OpenCartTestcases.VerifySectionHeadingsTest.RegiPagelabelTest()'><b>RegiPagelabelTest</b><br>Test class: OpenCartTestcases.VerifySectionHeadingsTest</td>
<td></td>
<td>0</td>
<td>OpenCartTestcases.VerifySectionHeadingsTest@1e88b3c</td></tr>
<tr>
<td title='OpenCartTestcases.VerifySuccessfullRegiTest.SuccessRegiPagelabelTest()'><b>SuccessRegiPagelabelTest</b><br>Test class: OpenCartTestcases.VerifySuccessfullRegiTest</td>
<td></td>
<td>0</td>
<td>OpenCartTestcases.VerifySuccessfullRegiTest@42d80b78</td></tr>
<tr>
<td title='OpenCartTestcases.VerifyLablesDisplaye.TelephoneLableTest()'><b>TelephoneLableTest</b><br>Test class: OpenCartTestcases.VerifyLablesDisplaye</td>
<td></td>
<td>0</td>
<td>OpenCartTestcases.VerifyLablesDisplaye@66a3ffec</td></tr>
<tr>
<td title='OpenCartTestcases.VerifyRadioButtonRegiTest.verifyRadioButtons()'><b>verifyRadioButtons</b><br>Test class: OpenCartTestcases.VerifyRadioButtonRegiTest</td>
<td></td>
<td>0</td>
<td>OpenCartTestcases.VerifyRadioButtonRegiTest@77caeb3e</td></tr>
<tr>
<td title='OpenCartTestcases.VeryfiyTexBoxes.verifyTextbox()'><b>verifyTextbox</b><br>Test class: OpenCartTestcases.VeryfiyTexBoxes</td>
<td></td>
<td>1</td>
<td>OpenCartTestcases.VeryfiyTexBoxes@3bfdc050</td></tr>
</table><p>
</body>
</html>